<?xml version="1.0" encoding="UTF-8" ?>
<testsuite failures="0" time="0.057" errors="0" skipped="0" tests="4" name="filemanager.FileManagerTest">
  <properties>
[...]
</properties>
  <testcase time="0.003" classname="filemanager.FileManagerTest" name="testDeleteFile"/>
  <testcase time="0" classname="filemanager.FileManagerTest" name="testDeleteNotExistFile"/>
  <testcase time="0" classname="filemanager.FileManagerTest" name="testCreateBrokenFile"/>
  <testcase time="0.001" classname="filemanager.FileManagerTest" name="testCreateFile"/>
</testsuite>